Mplus VERSION 8.11
MUTHEN & MUTHEN
05/08/2025   4:42 PM

INPUT INSTRUCTIONS

  title:
      hypothetical potential outcome example data

  data:
      file = potential.txt;

  variable:
      names = x m y;
      usev = x m y mx;
      categorical = m;

  define:
      mx = m*x;

  analysis:
      estimator = ml;
      BOOTSTRAP = 200;

  model:

      [m$1](a0);
      m on x(a1);

      [y](b0);
      y on x(b1) ;
      y on m(b2) ;
      y on mx(b3);

  model indirect:
      y mod m mx x;

  MODEL CONSTRAINT:
    NEW(P_M0_X0 P_M1_X0 P_M0_X1 P_M1_X1);  ! P(M|X)
    NEW(E_Y00 E_Y01 E_Y10 E_Y11);  ! E[Y|X,M]
    NEW(E_Y0M0 E_Y0M1 E_Y1M0 E_Y1M1);  ! E[Y(x, M(x'))]
    NEW(PNDE TNIE TE);  ! 因果效应

    ! Step 1: 计算 P(M|X)
    P_M1_X0 = 1 / (1 + EXP(-a0));  ! P(M=1|X=0)
    P_M1_X1 = 1 / (1 + EXP(-(a0 + a1)));  ! P(M=1|X=1)
    P_M0_X0 = 1 - P_M1_X0;  ! P(M=0|X=0)
    P_M0_X1 = 1 - P_M1_X1;  ! P(M=0|X=1)

    ! Step 2: 计算 E[Y|X,M]
    E_Y00 = b0;  ! X=0, M=0
    E_Y01 = b0 + b2;  ! X=0, M=1
    E_Y10 = b0 + b1;  ! X=1, M=0
    E_Y11 = b0 + b1 + b2 + b3;  ! X=1, M=1

    ! Step 3: 计算四个期望值
    E_Y0M0 = E_Y00 * P_M0_X0 + E_Y01 * P_M1_X0;  ! E[Y(0, M(0))]
    E_Y0M1 = E_Y00 * P_M0_X1 + E_Y01 * P_M1_X1;  ! E[Y(0, M(1))]
    E_Y1M0 = E_Y10 * P_M0_X0 + E_Y11 * P_M1_X0;  ! E[Y(1, M(0))]
    E_Y1M1 = E_Y10 * P_M0_X1 + E_Y11 * P_M1_X1;  ! E[Y(1, M(1))]

    ! Step 4: 计算因果效应
    PNDE = E_Y1M0 - E_Y0M0;  ! 纯自然直接效应
    TNIE = E_Y1M1 - E_Y1M0;  ! 总自然间接效应
    TE = PNDE + TNIE;  ! 总效应

  !OUTPUT:
  !  CINTERVAL(BCBOOTSTRAP); ! 输出 bootstrap 置信区间

  output:
      sampstat tech1 tech8 CINTERVAL(BCBOOTSTRAP);





INPUT READING TERMINATED NORMALLY




hypothetical potential outcome example data

SUMMARY OF ANALYSIS

Number of groups                                                 1
Number of observations                                           6

Number of dependent variables                                    2
Number of independent variables                                  2
Number of continuous latent variables                            0

Observed dependent variables

  Continuous
   Y

  Binary and ordered categorical (ordinal)
   M

Observed independent variables
   X           MX


Estimator                                                       ML
Information matrix                                        OBSERVED
Optimization Specifications for the Quasi-Newton Algorithm for
Continuous Outcomes
  Maximum number of iterations                                 100
  Convergence criterion                                  0.100D-05
Optimization Specifications for the EM Algorithm
  Maximum number of iterations                                 500
  Convergence criteria
    Loglikelihood change                                 0.100D-02
    Relative loglikelihood change                        0.100D-05
    Derivative                                           0.100D-02
Optimization Specifications for the M step of the EM Algorithm for
Categorical Latent variables
  Number of M step iterations                                    1
  M step convergence criterion                           0.100D-02
  Basis for M step termination                           ITERATION
Optimization Specifications for the M step of the EM Algorithm for
Censored, Binary or Ordered Categorical (Ordinal), Unordered
Categorical (Nominal) and Count Outcomes
  Number of M step iterations                                    1
  M step convergence criterion                           0.100D-02
  Basis for M step termination                           ITERATION
  Maximum value for logit thresholds                            15
  Minimum value for logit thresholds                           -15
  Minimum expected cell size for chi-square              0.100D-01
Number of bootstrap draws
    Requested                                                  200
    Completed                                                  145
Optimization algorithm                                         EMA
Integration Specifications
  Type                                                    STANDARD
  Number of integration points                                  15
  Dimensions of numerical integration                            0
  Adaptive quadrature                                           ON
Link                                                         LOGIT
Cholesky                                                       OFF

Input data file(s)
  potential.txt
Input data format  FREE


UNIVARIATE PROPORTIONS AND COUNTS FOR CATEGORICAL VARIABLES

    M
      Category 1    0.500            3.000
      Category 2    0.500            3.000


SAMPLE STATISTICS


     SAMPLE STATISTICS


           Means
              Y             X             MX
              ________      ________      ________
               10.167         0.500         0.333


           Covariances
              Y             X             MX
              ________      ________      ________
 Y              7.806
 X              0.583         0.250
 MX             0.778         0.167         0.222


           Correlations
              Y             X             MX
              ________      ________      ________
 Y              1.000
 X              0.418         1.000
 MX             0.591         0.707         1.000


UNIVARIATE SAMPLE STATISTICS


     UNIVARIATE HIGHER-ORDER MOMENT DESCRIPTIVE STATISTICS

         Variable/         Mean/     Skewness/   Minimum/ % with                Percentiles
        Sample Size      Variance    Kurtosis    Maximum  Min/Max      20%/60%    40%/80%    Median

     Y                    10.167      -0.584       5.000   16.67%       5.000      9.000     10.500
               6.000       7.806      -0.423      14.000   16.67%      11.000     12.000
     X                     0.500       0.000       0.000   50.00%       0.000      0.000      0.500
               6.000       0.250      -2.000       1.000   50.00%       1.000      1.000
     MX                    0.333       0.707       0.000   66.67%       0.000      0.000      0.000
               6.000       0.222      -1.500       1.000   33.33%       0.000      1.000

     THE STANDARD ERRORS OF THE MODEL PARAMETER ESTIMATES MAY NOT BE
     TRUSTWORTHY FOR SOME PARAMETERS DUE TO A NON-POSITIVE DEFINITE
     FIRST-ORDER DERIVATIVE PRODUCT MATRIX.  THIS MAY BE DUE TO THE STARTING
     VALUES BUT MAY ALSO BE AN INDICATION OF MODEL NONIDENTIFICATION.  THE
     CONDITION NUMBER IS       0.251D-15.  PROBLEM INVOLVING THE FOLLOWING PARAMETER:
     Parameter 4, Y ON X (equality/label)

     NOTE THAT THE NUMBER OF PARAMETERS IS GREATER THAN THE SAMPLE SIZE.


THE MODEL ESTIMATION TERMINATED NORMALLY



MODEL FIT INFORMATION

Number of Free Parameters                        7

Loglikelihood

          H0 Value                         -17.059

Information Criteria

          Akaike (AIC)                      48.119
          Bayesian (BIC)                    46.661
          Sample-Size Adjusted BIC          26.428
            (n* = (n + 2) / 24)



MODEL RESULTS

                                                    Two-Tailed
                    Estimate       S.E.  Est./S.E.    P-Value

 M          ON
    X                  1.386     11.421      0.121      0.903

 Y          ON
    X                  0.500      1.630      0.307      0.759
    M                  1.500      1.606      0.934      0.350
    MX                 2.000      1.287      1.554      0.120

 Intercepts
    Y                  8.500      2.039      4.169      0.000

 Thresholds
    M$1                0.693      8.144      0.085      0.932

 Residual Variances
    Y                  4.833      2.843      1.700      0.089

New/Additional Parameters
    P_M0_X0            0.333      0.296      1.127      0.260
    P_M1_X0            0.667      0.296      2.253      0.024
    P_M0_X1            0.111      0.345      0.322      0.747
    P_M1_X1            0.889      0.345      2.580      0.010
    E_Y00              8.500      2.039      4.169      0.000
    E_Y01             10.000      1.279      7.818      0.000
    E_Y10              9.000      1.242      7.245      0.000
    E_Y11             12.500      0.924     13.527      0.000
    E_Y0M0             9.500      1.536      6.183      0.000
    E_Y0M1             9.833      1.450      6.780      0.000
    E_Y1M0            11.333      1.394      8.133      0.000
    E_Y1M1            12.111      1.515      7.997      0.000
    PNDE               1.833      1.548      1.184      0.236
    TNIE               0.778      1.072      0.725      0.468
    TE                 2.611      1.861      1.403      0.161


LOGISTIC REGRESSION ODDS RATIO RESULTS

                                                95% C.I.
                    Estimate       S.E.  Lower 2.5% Upper 2.5%

 M          ON
    X                  4.000     45.684      0.000  *********



TOTAL, INDIRECT, AND DIRECT EFFECTS BASED ON COUNTERFACTUALS (CAUSALLY-DEFINED EFFECTS, CONDITIONAL ON ALL OTHER COVARIATES BEING ZERO)


Effects from X to Y

                                                    Two-Tailed
                    Estimate       S.E.  Est./S.E.    P-Value

  Tot natural IE       1.167      1.600      0.729      0.466
  Pure natural DE      1.167      1.492      0.782      0.434
  Total effect         2.333      1.960      1.190      0.234

 Other effects

  Pure natural IE      0.500      0.923      0.542      0.588
  Tot natural DE       1.833      1.515      1.210      0.226
  Total effect         2.333      1.960      1.190      0.234


CONFIDENCE INTERVALS OF MODEL RESULTS

                  Lower .5%  Lower 2.5%    Lower 5%    Estimate    Upper 5%  Upper 2.5%   Upper .5%

 M        ON
    X              -13.458     -13.458     -13.458       1.386      13.748      14.055      28.724

 Y        ON
    X               -3.000      -3.000      -3.000       0.500       4.000       4.000       4.000
    M               -2.000      -2.000      -2.000       1.500       5.000       5.000       5.000
    MX              -2.000      -2.000      -1.500       2.000       2.765       3.500       5.500

 Intercepts
    Y                5.000       5.000       5.000       8.500      12.000      12.000      12.000

 Thresholds
    M$1            -14.458     -14.458     -14.458       0.693      12.362      13.362      14.362

 Residual Variances
    Y                0.750       0.750       0.750       4.833       8.167       9.800       9.800

New/Additional Parameters
    P_M0_X0          0.000       0.000       0.000       0.333       1.000       1.000       1.000
    P_M1_X0          0.000       0.000       0.000       0.667       1.000       1.000       1.000
    P_M0_X1          0.000       0.000       0.000       0.111       1.000       1.000       1.000
    P_M1_X1          0.000       0.000       0.000       0.889       1.000       1.000       1.000
    E_Y00            5.000       5.000       5.000       8.500      12.000      12.000      12.000
    E_Y01            7.375       9.385      10.000      10.000      13.845      13.908      13.908
    E_Y10            8.752       9.000       9.000       9.000      12.732      12.732      12.732
    E_Y11           11.000      11.000      11.750      12.500      14.000      14.000      14.250
    E_Y0M0           6.250       6.429       6.667       9.500      12.498      13.571      13.845
    E_Y0M1           6.395       6.395       6.429       9.833      11.333      12.462      13.607
    E_Y1M0           7.250       7.250       8.871      11.333      13.223      14.000      14.000
    E_Y1M1           8.780       8.871       9.000      12.111      14.000      14.000      14.000
    PNDE            -1.498      -1.167      -0.845       1.833       3.850       6.000       6.105
    TNIE             0.000       0.000       0.000       0.778       5.250       5.250       5.250
    TE              -1.167      -0.867      -0.347       2.611       6.071       6.105       6.250


CONFIDENCE INTERVALS FOR THE LOGISTIC REGRESSION ODDS RATIO RESULTS

 M        ON
    X                0.000       0.000       0.000       4.000  934896.312  **********  **********



CONFIDENCE INTERVALS OF TOTAL, INDIRECT, AND DIRECT EFFECTS BASED ON COUNTERFACTUALS (CAUSALLY-DEFINED EFFECTS)


                  Lower .5%  Lower 2.5%    Lower 5%    Estimate    Upper 5%  Upper 2.5%   Upper .5%

Effects from X to Y

  Tot natural IE    -2.100      -2.100      -2.100       1.167       3.000       3.400       4.278
  Pure natural DE   -3.000      -1.167      -0.667       1.167       4.000       4.000       4.000
  Total effect      -1.250      -0.800      -0.667       2.333       5.750       6.333       6.800

 Other effects

  Pure natural IE   -1.500      -1.500      -1.000       0.500       1.667       2.000       2.600
  Tot natural DE    -2.035      -1.798      -1.384       1.833       4.000       4.800       5.600
  Total effect      -1.250      -0.800      -0.667       2.333       5.750       6.333       6.800


TECHNICAL 1 OUTPUT


     PARAMETER SPECIFICATION


           TAU
              M$1
              ________
                    7


           NU
              M             Y             X             MX
              ________      ________      ________      ________
                    0             0             0             0


           LAMBDA
              M             Y             X             MX
              ________      ________      ________      ________
 M                  0             0             0             0
 Y                  0             0             0             0
 X                  0             0             0             0
 MX                 0             0             0             0


           THETA
              M             Y             X             MX
              ________      ________      ________      ________
 M                  0
 Y                  0             0
 X                  0             0             0
 MX                 0             0             0             0


           ALPHA
              M             Y             X             MX
              ________      ________      ________      ________
                    0             1             0             0


           BETA
              M             Y             X             MX
              ________      ________      ________      ________
 M                  0             0             2             0
 Y                  3             0             4             5
 X                  0             0             0             0
 MX                 0             0             0             0


           PSI
              M             Y             X             MX
              ________      ________      ________      ________
 M                  0
 Y                  0             6
 X                  0             0             0
 MX                 0             0             0             0


     PARAMETER SPECIFICATION FOR THE ADDITIONAL PARAMETERS


           NEW/ADDITIONAL PARAMETERS
              P_M0_X0       P_M1_X0       P_M0_X1       P_M1_X1       E_Y00
              ________      ________      ________      ________      ________
                    8             9            10            11            12


           NEW/ADDITIONAL PARAMETERS
              E_Y01         E_Y10         E_Y11         E_Y0M0        E_Y0M1
              ________      ________      ________      ________      ________
                   13            14            15            16            17


           NEW/ADDITIONAL PARAMETERS
              E_Y1M0        E_Y1M1        PNDE          TNIE          TE
              ________      ________      ________      ________      ________
                   18            19            20            21            22


     STARTING VALUES


           TAU
              M$1
              ________
                0.000


           NU
              M             Y             X             MX
              ________      ________      ________      ________
                0.000         0.000         0.000         0.000


           LAMBDA
              M             Y             X             MX
              ________      ________      ________      ________
 M              1.000         0.000         0.000         0.000
 Y              0.000         1.000         0.000         0.000
 X              0.000         0.000         1.000         0.000
 MX             0.000         0.000         0.000         1.000


           THETA
              M             Y             X             MX
              ________      ________      ________      ________
 M              0.000
 Y              0.000         0.000
 X              0.000         0.000         0.000
 MX             0.000         0.000         0.000         0.000


           ALPHA
              M             Y             X             MX
              ________      ________      ________      ________
                0.000        10.167         0.000         0.000


           BETA
              M             Y             X             MX
              ________      ________      ________      ________
 M              0.000         0.000         0.000         0.000
 Y              0.000         0.000         0.000         0.000
 X              0.000         0.000         0.000         0.000
 MX             0.000         0.000         0.000         0.000


           PSI
              M             Y             X             MX
              ________      ________      ________      ________
 M              1.000
 Y              0.000         3.903
 X              0.000         0.000         0.125
 MX             0.000         0.000         0.000         0.111


     STARTING VALUES FOR THE ADDITIONAL PARAMETERS


           NEW/ADDITIONAL PARAMETERS
              P_M0_X0       P_M1_X0       P_M0_X1       P_M1_X1       E_Y00
              ________      ________      ________      ________      ________
                0.500         0.500         0.500         0.500         0.500


           NEW/ADDITIONAL PARAMETERS
              E_Y01         E_Y10         E_Y11         E_Y0M0        E_Y0M1
              ________      ________      ________      ________      ________
                0.500         0.500         0.500         0.500         0.500


           NEW/ADDITIONAL PARAMETERS
              E_Y1M0        E_Y1M1        PNDE          TNIE          TE
              ________      ________      ________      ________      ________
                0.500         0.500         0.500         0.500         0.500


TECHNICAL 8 OUTPUT


   E STEP  ITER  LOGLIKELIHOOD    ABS CHANGE   REL CHANGE  ALGORITHM
              1 -0.19757580D+02    0.0000000    0.0000000  EM
              2 -0.17059794D+02    2.6977859    0.1365443  EM
              3 -0.17059325D+02    0.0004688    0.0000275  EM
              4 -0.17059325D+02    0.0000000    0.0000000  EM


DIAGRAM INFORMATION

  Use View Diagram under the Diagram menu in the Mplus Editor to view the diagram.
  If running Mplus from the Mplus Diagrammer, the diagram opens automatically.

  Diagram output
    c:\users\lzhs\desktop\20230929 dissertation_data_preparation\chapter8\ex8.22 - 副本.dgm

     Beginning Time:  16:42:16
        Ending Time:  16:42:22
       Elapsed Time:  00:00:06



MUTHEN & MUTHEN
3463 Stoner Ave.
Los Angeles, CA  90066

Tel: (310) 391-9971
Fax: (310) 391-8971
Web: www.StatModel.com
Support: Support@StatModel.com

Copyright (c) 1998-2024 Muthen & Muthen
