Mplus VERSION 8.11
MUTHEN & MUTHEN
05/11/2025   9:27 AM

INPUT INSTRUCTIONS



  TITLE:
  Mediation_edun3-incc-dw1-eco_simple_slope_mfocal
  DATA:
  FILE = "modmed.ct2.dat";

  VARIABLE:
  NAMES = cid clo eco hg op op5 age1 edu1 siops1 incc1 hw1 agen agen1 agen2 agen3 edun
       edun1 edun2 edun3 siopsn sipn1 sipn2 sipn3 age edu siops incc hw child eacc
       eaccc hacc haccc dw1 dw11 dw12 dw13 dw1g1 dw1g3 ag ag1 ag2 ag3 agg1 agg3 agc
       sib sib1 sib2 sib3 sibg1 sibg3 dw1f dw1m agcf agcm sibf sibm sibf1 sibf2 sibf3
       sibfg1 sibfg3 sibm1 sibm2 sibm3 sibmg1 sibmg3 hk hk1 hk2 hk3 hkg1 hkg3 prtage
       prtage1 prtage2 prtage3 prtageg1 prtageg3 prtsex prtmar prtmar1 prtmar2 prtmar3
       prtmarg1 prtmarg3 prtedu prtedu1 prtedu2 prtedu3 prtedug1 prtedug3 prthk prthk1
       prthk2 prthk3 prthkg1 prthkg3 prtcor prtcor1 prtcor2 prtcor3 prtcorg1 prtcorg3
       prtpt prtpt1 prtpt2 prtpt3 prtptg1 prtptg3 prtcdn prtcdn1 prtcdn2 prtcdn3
       prtcdng1 prtcdng3 fincc urban prov prov1 prov2 prov3 provg1 provg3 hwc hwc1
       hwc2 hwc3 hwcg1 hwcg3 jobc jobc1 jobc2 jobc3 jobcg1 jobcg3 fcz fcz1 fcz2 fcz3
       fczg1 fczg3 resp resp1 resp2 resp3 respg1 respg3 year year1 year2 year3
       lifetime age_ct edu_ct siops_ct incc_ct hw_ct child_ct agc_ct agcf_ct agcm_ct
       fincc_ct;
  MISSING=.;
  categorical = incn;
  USEVARIABLES =
  eco ! Outcome (Y): Continuous
  edun3 ! Exposure (X): Binary
  incn ! Mediator (M): Binary
  incedu ; ! exposure-mediator interaction

  DEFINE:
  incn = 0;
  IF (incc_ct GT 0) THEN incn = 1; ! Mediator (M): Binary
  incedu = incn * edun3; ! Exposure-Mediator Interaction

  ANALYSIS:
  !starts = 10;
  processors = 10;
  estimator = ML;
  bootstrap = 1000;

  ! In model statement name each path and intercept using parentheses
  MODEL:

  !!! Outcomes var on mediators + IVs
  ! Y on b0 + b1X + b2M + b3XM
  [eco] (b0);  !!! Interception of Y
  eco ON edun3 (b1);  !!! X main effect
  eco ON incn (b2);  !!! M main effect
  eco ON incedu (b3); !!! Exposure-Mediator Interaction

  !!! Mediator on IVs
  ! M on a0 + a1X
  [incn$1] (a0);  !!! Interception of M
  incn ON edun3 (a1);  !!! X main effect


  ! MOD command
  Model Indirect:
  eco MOD incn incedu edun3; ! Y on M MX X


  MODEL CONSTRAINT:
    NEW(P_M0_X0 P_M1_X0 P_M0_X1 P_M1_X1);  ! P(M|X)
    NEW(E_Y00 E_Y01 E_Y10 E_Y11);  ! E[Y|X,M]
    NEW(E_Y0M0 E_Y0M1 E_Y1M0 E_Y1M1);  ! E[Y(x, M(x'))]
    NEW(
    TNIE PNDE TE PNIE TNDE
    );  ! Effect decomposition

    ! Step 1: P(M|X)
    P_M1_X0 = 1 / (1 + EXP(a0));  ! P(M=1|X=0)
    P_M1_X1 = 1 / (1 + EXP(a0 - a1));  ! P(M=1|X=1)
    P_M0_X0 = 1 - P_M1_X0;  ! P(M=0|X=0)
    P_M0_X1 = 1 - P_M1_X1;  ! P(M=0|X=1)

    ! Step 2: Conditional expectations of Y given X and M:
    E_Y00 = b0;                        ! E(Y|X=0, M=0)
    E_Y01 = b0 + b2;                   ! E(Y|X=0, M=1)
    E_Y10 = b0 + b1;                   ! E(Y|X=1, M=0)
    E_Y11 = b0 + b1 + b2 + b3;         ! E(Y|X=1, M=1)

    ! Step 3: Counterfactual expectations:
    E_Y0M0 = (E_Y00 * P_M0_X0) + (E_Y01 * P_M1_X0);  ! E[Y(0, M(0))]
    E_Y0M1 = (E_Y00 * P_M0_X1) + (E_Y01 * P_M1_X1);  ! E[Y(0, M(1))]
    E_Y1M0 = (E_Y10 * P_M0_X0) + (E_Y11 * P_M1_X0);  ! E[Y(1, M(0))]
    E_Y1M1 = (E_Y10 * P_M0_X1) + (E_Y11 * P_M1_X1);  ! E[Y(1, M(1))]

    ! Step 4: Effect decomposition:
    PNDE = E_Y1M0 - E_Y0M0;  ! Pure Natural Direct Effect
    TNDE = E_Y1M1 - E_Y0M1;  ! Total Natural Direct Effect

    PNIE = E_Y0M1 - E_Y0M0;  ! Pure Natural Indirect Effect
    TNIE = E_Y1M1 - E_Y1M0;  ! Total Natural Indirect Effect


    TE = E_Y1M1-E_Y0M0;
    !TE = PNDE + TNIE;        ! Total Effect
    !TE = TNDE + PNIE;        ! Total Effect
    !TE =  PNDE + PNIE + (TNIE ? PNIE);        ! Total Effect
    !TE =  PNDE + PNIE + (TNDE ? PNDE).        ! Total Effect


  OUTPUT:
  tech1 tech4 tech8 tech10 tech11 tech15 sampstat residual stdyx CINTERVAL(bcbootstrap);
  ! bias-corrected bootstrap confidence intervals; With frequentist estimation,
  ! only SYMMETRIC confidence intervals are available for standardized parameter estimates.





*** WARNING in OUTPUT command
  STANDARDIZED (STD, STDY, STDYX) options are not available for analysis with
  the MOD statement in MODEL INDIRECT.
  Request for STANDARDIZED (STD, STDY, STDYX) is ignored.
*** WARNING in OUTPUT command
  TECH11 option is available only with TYPE=MIXTURE.
  Request for TECH11 is ignored.
*** WARNING in OUTPUT command
  TECH15 option is only available for TYPE=MIXTURE.
  Request for TECH15 will be ignored.
   3 WARNING(S) FOUND IN THE INPUT INSTRUCTIONS




Mediation_edun3-incc-dw1-eco_simple_slope_mfocal

SUMMARY OF ANALYSIS

Number of groups                                                 1
Number of observations                                        7187

Number of dependent variables                                    2
Number of independent variables                                  2
Number of continuous latent variables                            0

Observed dependent variables

  Continuous
   ECO

  Binary and ordered categorical (ordinal)
   INCN

Observed independent variables
   EDUN3       INCEDU


Estimator                                                       ML
Information matrix                                        OBSERVED
Optimization Specifications for the Quasi-Newton Algorithm for
Continuous Outcomes
  Maximum number of iterations                                 100
  Convergence criterion                                  0.100D-05
Optimization Specifications for the EM Algorithm
  Maximum number of iterations                                 500
  Convergence criteria
    Loglikelihood change                                 0.100D-02
    Relative loglikelihood change                        0.100D-05
    Derivative                                           0.100D-02
Optimization Specifications for the M step of the EM Algorithm for
Categorical Latent variables
  Number of M step iterations                                    1
  M step convergence criterion                           0.100D-02
  Basis for M step termination                           ITERATION
Optimization Specifications for the M step of the EM Algorithm for
Censored, Binary or Ordered Categorical (Ordinal), Unordered
Categorical (Nominal) and Count Outcomes
  Number of M step iterations                                    1
  M step convergence criterion                           0.100D-02
  Basis for M step termination                           ITERATION
  Maximum value for logit thresholds                            15
  Minimum value for logit thresholds                           -15
  Minimum expected cell size for chi-square              0.100D-01
Maximum number of iterations for H1                           2000
Convergence criterion for H1                             0.100D-03
Number of bootstrap draws
    Requested                                                 1000
    Completed                                                 1000
Optimization algorithm                                         EMA
Integration Specifications
  Type                                                    STANDARD
  Number of integration points                                  15
  Dimensions of numerical integration                            0
  Adaptive quadrature                                           ON
Link                                                         LOGIT
Cholesky                                                       OFF

Input data file(s)
  modmed.ct2.dat
Input data format  FREE


SUMMARY OF DATA

     Number of missing data patterns             1
     Number of y missing data patterns           1
     Number of u missing data patterns           1


COVARIANCE COVERAGE OF DATA

Minimum covariance coverage value   0.100


     PROPORTION OF DATA PRESENT FOR Y


           Covariance Coverage
              ECO           EDUN3         INCEDU
              ________      ________      ________
 ECO            1.000
 EDUN3          1.000         1.000
 INCEDU         1.000         1.000         1.000


UNIVARIATE PROPORTIONS AND COUNTS FOR CATEGORICAL VARIABLES

    INCN
      Category 1    0.843         6056.000
      Category 2    0.157         1131.000


SAMPLE STATISTICS


     ESTIMATED SAMPLE STATISTICS


           Means
              ECO           EDUN3         INCEDU
              ________      ________      ________
                0.440         0.104         0.026


           Covariances
              ECO           EDUN3         INCEDU
              ________      ________      ________
 ECO            0.118
 EDUN3          0.003         0.093
 INCEDU         0.001         0.023         0.025


           Correlations
              ECO           EDUN3         INCEDU
              ________      ________      ________
 ECO            1.000
 EDUN3          0.032         1.000
 INCEDU         0.009         0.478         1.000


     MAXIMUM LOG-LIKELIHOOD VALUE FOR THE UNRESTRICTED (H1) MODEL IS -183.281


UNIVARIATE SAMPLE STATISTICS


     UNIVARIATE HIGHER-ORDER MOMENT DESCRIPTIVE STATISTICS

         Variable/         Mean/     Skewness/   Minimum/ % with                Percentiles
        Sample Size      Variance    Kurtosis    Maximum  Min/Max      20%/60%    40%/80%    Median

     ECO                   0.440       0.229       0.000   24.99%       0.000      0.429      0.500
            7187.000       0.118      -0.985       1.000   17.14%       0.500      0.750
     EDUN3                 0.104       2.601       0.000   89.63%       0.000      0.000      0.000
            7187.000       0.093       4.763       1.000   10.37%       0.000      0.000
     INCEDU                0.026       5.990       0.000   97.43%       0.000      0.000      0.000
            7187.000       0.025      33.875       1.000    2.57%       0.000      0.000


THE MODEL ESTIMATION TERMINATED NORMALLY



MODEL FIT INFORMATION

Number of Free Parameters                        7

Loglikelihood

          H0 Value                       -5594.976

Information Criteria

          Akaike (AIC)                   11203.952
          Bayesian (BIC)                 11252.112
          Sample-Size Adjusted BIC       11229.867
            (n* = (n + 2) / 24)



MODEL RESULTS

                                                    Two-Tailed
                    Estimate       S.E.  Est./S.E.    P-Value

 ECO        ON
    EDUN3              0.049      0.015      3.343      0.001
    INCN               0.061      0.012      4.918      0.000
    INCEDU            -0.078      0.032     -2.450      0.014

 INCN       ON
    EDUN3              0.652      0.094      6.934      0.000

 Intercepts
    ECO                0.428      0.005     92.620      0.000

 Thresholds
    INCN$1             1.760      0.035     50.278      0.000

 Residual Variances
    ECO                0.117      0.001     82.728      0.000

New/Additional Parameters
    P_M0_X0            0.853      0.004    194.938      0.000
    P_M1_X0            0.147      0.004     33.554      0.000
    P_M0_X1            0.752      0.016     46.330      0.000
    P_M1_X1            0.248      0.016     15.305      0.000
    E_Y00              0.428      0.005     92.620      0.000
    E_Y01              0.489      0.012     42.009      0.000
    E_Y10              0.477      0.014     33.419      0.000
    E_Y11              0.460      0.026     17.571      0.000
    E_Y0M0             0.437      0.004    100.834      0.000
    E_Y0M1             0.443      0.005     95.023      0.000
    E_Y1M0             0.474      0.013     37.270      0.000
    E_Y1M1             0.472      0.012     37.879      0.000
    TNIE              -0.002      0.003     -0.560      0.575
    PNDE               0.037      0.013      2.823      0.005
    TE                 0.036      0.013      2.737      0.006
    PNIE               0.006      0.002      3.928      0.000
    TNDE               0.030      0.013      2.222      0.026


LOGISTIC REGRESSION ODDS RATIO RESULTS

                                                95% C.I.
                    Estimate       S.E.  Lower 2.5% Upper 2.5%

 INCN       ON
    EDUN3              1.919      0.180      1.589      2.282



TOTAL, INDIRECT, AND DIRECT EFFECTS BASED ON COUNTERFACTUALS (CAUSALLY-DEFINED EFFECTS, CONDITIONAL ON ALL OTHER COVARIATES BEING ZERO)


Effects from EDUN3 to ECO

                                                    Two-Tailed
                    Estimate       S.E.  Est./S.E.    P-Value

  Tot natural IE      -0.002      0.003     -0.560      0.575
  Pure natural DE      0.037      0.013      2.823      0.005
  Total effect         0.036      0.013      2.737      0.006

 Other effects

  Pure natural IE      0.006      0.002      3.928      0.000
  Tot natural DE       0.030      0.013      2.222      0.026
  Total effect         0.036      0.013      2.737      0.006


CONFIDENCE INTERVALS OF MODEL RESULTS

                  Lower .5%  Lower 2.5%    Lower 5%    Estimate    Upper 5%  Upper 2.5%   Upper .5%

 ECO      ON
    EDUN3            0.010       0.020       0.025       0.049       0.073       0.077       0.083
    INCN             0.029       0.038       0.041       0.061       0.082       0.086       0.094
    INCEDU          -0.164      -0.144      -0.133      -0.078      -0.029      -0.022      -0.005

 INCN     ON
    EDUN3            0.362       0.463       0.498       0.652       0.800       0.825       0.899

 Intercepts
    ECO              0.415       0.418       0.420       0.428       0.435       0.436       0.440

 Thresholds
    INCN$1           1.679       1.698       1.705       1.760       1.823       1.833       1.855

 Residual Variances
    ECO              0.114       0.115       0.115       0.117       0.120       0.120       0.121

New/Additional Parameters
    P_M0_X0          0.843       0.845       0.846       0.853       0.861       0.862       0.865
    P_M1_X0          0.135       0.138       0.139       0.147       0.154       0.155       0.157
    P_M0_X1          0.709       0.721       0.727       0.752       0.779       0.784       0.797
    P_M1_X1          0.201       0.216       0.221       0.248       0.273       0.279       0.290
    E_Y00            0.415       0.418       0.420       0.428       0.435       0.436       0.440
    E_Y01            0.460       0.466       0.469       0.489       0.508       0.511       0.518
    E_Y10            0.438       0.449       0.454       0.477       0.500       0.504       0.509
    E_Y11            0.387       0.409       0.414       0.460       0.503       0.510       0.521
    E_Y0M0           0.423       0.428       0.429       0.437       0.443       0.445       0.447
    E_Y0M1           0.431       0.433       0.435       0.443       0.451       0.452       0.455
    E_Y1M0           0.442       0.448       0.454       0.474       0.495       0.498       0.505
    E_Y1M1           0.441       0.447       0.452       0.472       0.493       0.496       0.502
    TNIE            -0.010      -0.008      -0.007      -0.002       0.003       0.004       0.005
    PNDE             0.003       0.010       0.016       0.037       0.059       0.061       0.068
    TE               0.001       0.010       0.014       0.036       0.056       0.059       0.066
    PNIE             0.003       0.004       0.004       0.006       0.010       0.010       0.011
    TNDE            -0.004       0.002       0.008       0.030       0.051       0.053       0.060


CONFIDENCE INTERVALS FOR THE LOGISTIC REGRESSION ODDS RATIO RESULTS

 INCN     ON
    EDUN3            1.436       1.589       1.646       1.919       2.226       2.282       2.456



CONFIDENCE INTERVALS OF TOTAL, INDIRECT, AND DIRECT EFFECTS BASED ON COUNTERFACTUALS (CAUSALLY-DEFINED EFFECTS)


                  Lower .5%  Lower 2.5%    Lower 5%    Estimate    Upper 5%  Upper 2.5%   Upper .5%

Effects from EDUN3 to ECO

  Tot natural IE    -0.010      -0.008      -0.007      -0.002       0.003       0.004       0.005
  Pure natural DE    0.003       0.010       0.016       0.037       0.059       0.061       0.068
  Total effect       0.001       0.010       0.014       0.036       0.056       0.059       0.066

 Other effects

  Pure natural IE    0.003       0.004       0.004       0.006       0.010       0.010       0.011
  Tot natural DE    -0.004       0.002       0.008       0.030       0.051       0.053       0.060
  Total effect       0.001       0.010       0.014       0.036       0.056       0.059       0.066


RESIDUAL OUTPUT


     RESIDUAL OUTPUT IS NOT AVAILABLE FOR THIS MODEL.


TECHNICAL 1 OUTPUT


     PARAMETER SPECIFICATION


           TAU
              INCN$1
              ________
                    7


           NU
              INCN          ECO           EDUN3         INCEDU
              ________      ________      ________      ________
                    0             0             0             0


           LAMBDA
              INCN          ECO           EDUN3         INCEDU
              ________      ________      ________      ________
 INCN               0             0             0             0
 ECO                0             0             0             0
 EDUN3              0             0             0             0
 INCEDU             0             0             0             0


           THETA
              INCN          ECO           EDUN3         INCEDU
              ________      ________      ________      ________
 INCN               0
 ECO                0             0
 EDUN3              0             0             0
 INCEDU             0             0             0             0


           ALPHA
              INCN          ECO           EDUN3         INCEDU
              ________      ________      ________      ________
                    0             1             0             0


           BETA
              INCN          ECO           EDUN3         INCEDU
              ________      ________      ________      ________
 INCN               0             0             2             0
 ECO                3             0             4             5
 EDUN3              0             0             0             0
 INCEDU             0             0             0             0


           PSI
              INCN          ECO           EDUN3         INCEDU
              ________      ________      ________      ________
 INCN               0
 ECO                0             6
 EDUN3              0             0             0
 INCEDU             0             0             0             0


     PARAMETER SPECIFICATION FOR THE ADDITIONAL PARAMETERS


           NEW/ADDITIONAL PARAMETERS
              P_M0_X0       P_M1_X0       P_M0_X1       P_M1_X1       E_Y00
              ________      ________      ________      ________      ________
                    8             9            10            11            12


           NEW/ADDITIONAL PARAMETERS
              E_Y01         E_Y10         E_Y11         E_Y0M0        E_Y0M1
              ________      ________      ________      ________      ________
                   13            14            15            16            17


           NEW/ADDITIONAL PARAMETERS
              E_Y1M0        E_Y1M1        TNIE          PNDE          TE
              ________      ________      ________      ________      ________
                   18            19            20            21            22


           NEW/ADDITIONAL PARAMETERS
              PNIE          TNDE
              ________      ________
                   23            24


     STARTING VALUES


           TAU
              INCN$1
              ________
                1.678


           NU
              INCN          ECO           EDUN3         INCEDU
              ________      ________      ________      ________
                0.000         0.000         0.000         0.000


           LAMBDA
              INCN          ECO           EDUN3         INCEDU
              ________      ________      ________      ________
 INCN           1.000         0.000         0.000         0.000
 ECO            0.000         1.000         0.000         0.000
 EDUN3          0.000         0.000         1.000         0.000
 INCEDU         0.000         0.000         0.000         1.000


           THETA
              INCN          ECO           EDUN3         INCEDU
              ________      ________      ________      ________
 INCN           0.000
 ECO            0.000         0.000
 EDUN3          0.000         0.000         0.000
 INCEDU         0.000         0.000         0.000         0.000


           ALPHA
              INCN          ECO           EDUN3         INCEDU
              ________      ________      ________      ________
                0.000         0.440         0.000         0.000


           BETA
              INCN          ECO           EDUN3         INCEDU
              ________      ________      ________      ________
 INCN           0.000         0.000         0.000         0.000
 ECO            0.000         0.000         0.000         0.000
 EDUN3          0.000         0.000         0.000         0.000
 INCEDU         0.000         0.000         0.000         0.000


           PSI
              INCN          ECO           EDUN3         INCEDU
              ________      ________      ________      ________
 INCN           1.000
 ECO            0.000         0.059
 EDUN3          0.000         0.000         0.046
 INCEDU         0.000         0.000         0.000         0.013


     STARTING VALUES FOR THE ADDITIONAL PARAMETERS


           NEW/ADDITIONAL PARAMETERS
              P_M0_X0       P_M1_X0       P_M0_X1       P_M1_X1       E_Y00
              ________      ________      ________      ________      ________
                0.500         0.500         0.500         0.500         0.500


           NEW/ADDITIONAL PARAMETERS
              E_Y01         E_Y10         E_Y11         E_Y0M0        E_Y0M1
              ________      ________      ________      ________      ________
                0.500         0.500         0.500         0.500         0.500


           NEW/ADDITIONAL PARAMETERS
              E_Y1M0        E_Y1M1        TNIE          PNDE          TE
              ________      ________      ________      ________      ________
                0.500         0.500         0.500         0.500         0.500


           NEW/ADDITIONAL PARAMETERS
              PNIE          TNDE
              ________      ________
                0.500         0.500


TECHNICAL 4 OUTPUT


     TECHNICAL 4 OUTPUT IS NOT AVAILABLE FOR THIS MODEL.


TECHNICAL 10 OUTPUT


     TECH10 OUTPUT FOR CATEGORICAL VARIABLES IS NOT AVAILABLE FOR MODELS WITH COVARIATES.


TECHNICAL 8 OUTPUT


   E STEP  ITER  LOGLIKELIHOOD    ABS CHANGE   REL CHANGE  ALGORITHM
              1 -0.67375151D+04    0.0000000    0.0000000  EM
              2 -0.55959242D+04 1141.5909478    0.1694380  EM
              3 -0.55949765D+04    0.9476244    0.0001693  EM
              4 -0.55949759D+04    0.0006715    0.0000001  EM


DIAGRAM INFORMATION

  Use View Diagram under the Diagram menu in the Mplus Editor to view the diagram.
  If running Mplus from the Mplus Diagrammer, the diagram opens automatically.

  Diagram output
    c:\users\lzhs\desktop\markdown_latex\rmarkdown\bookdown\test_bookdown_new\20230927 lta\interge_rela\result_mediation

     Beginning Time:  09:27:48
        Ending Time:  09:28:00
       Elapsed Time:  00:00:12



MUTHEN & MUTHEN
3463 Stoner Ave.
Los Angeles, CA  90066

Tel: (310) 391-9971
Fax: (310) 391-8971
Web: www.StatModel.com
Support: Support@StatModel.com

Copyright (c) 1998-2024 Muthen & Muthen
